
fsck_hfs started at Mon Apr 13 07:48:07 2015
** /dev/rdisk2s2 (NO WRITE)
   Executing fsck_hfs (version hfs-285).
** Checking non-journaled HFS Plus Volume.
   The volume name is Google Chrome
** Checking extents overflow file.
** Checking catalog file.
** Checking multi-linked files.
** Checking catalog hierarchy.
** Checking volume bitmap.
** Checking volume information.
** The volume Google Chrome appears to be OK.
fsck_hfs completed at Mon Apr 13 07:48:07 2015


fsck_hfs started at Mon Apr 13 08:23:24 2015
** /dev/rdisk3s1 (NO WRITE)
   Executing fsck_hfs (version hfs-285).
** Checking Journaled HFS Plus volume.
   The volume name is Git 2.2.1 Mavericks Intel Universal
** Checking extents overflow file.
** Checking catalog file.
** Checking multi-linked files.
** Checking catalog hierarchy.
** Checking extended attributes file.
** Checking volume bitmap.
** Checking volume information.
** The volume Git 2.2.1 Mavericks Intel Universal appears to be OK.
fsck_hfs completed at Mon Apr 13 08:23:24 2015


fsck_hfs started at Tue Apr 14 10:07:01 2015
** /dev/rdisk4s2 (NO WRITE)
   Executing fsck_hfs (version hfs-285).
** Checking Journaled HFS Plus volume.
   The volume name is Sublime Text 2
** Checking extents overflow file.
** Checking catalog file.
** Checking multi-linked files.
** Checking catalog hierarchy.
** Checking extended attributes file.
** Checking volume bitmap.
** Checking volume information.
** The volume Sublime Text 2 appears to be OK.
fsck_hfs completed at Tue Apr 14 10:07:01 2015

